2022-03-30 13:06:32 INFO  LunchBreak:10 - Hi Hari
2022-03-30 13:08:54 INFO  LunchBreak:10 - Hi Hari
2022-03-30 16:47:34 INFO  LunchBreak:20 - Enter user id : 
2022-03-30 16:47:49 INFO  LunchBreak:25 - Enter user name : 
2022-03-30 16:47:56 INFO  LunchBreak:29 - Enter user name : 
2022-03-30 17:02:54 INFO  LunchBreak:21 - Entered user id : 1234
2022-03-30 17:03:00 INFO  LunchBreak:25 - Enter user name : 
2022-03-30 17:03:10 INFO  LunchBreak:29 - Enter user name : 
2022-03-30 17:05:09 INFO  LunchBreak:21 - Entered user id : 123
2022-03-30 17:05:13 INFO  LunchBreak:25 - Entered user name : hari
2022-03-30 17:05:16 INFO  LunchBreak:29 - Entered user password : 123
2022-03-30 17:06:13 INFO  LunchBreak:21 - Entered user id : 123
2022-03-30 17:06:16 INFO  LunchBreak:25 - Entered user name : hari
2022-03-30 17:06:20 INFO  LunchBreak:29 - Entered user password : 123
2022-03-30 17:06:20 INFO  LunchBreak:47 - 123
2022-03-30 17:06:20 INFO  LunchBreak:48 - hari
2022-03-30 17:06:20 INFO  LunchBreak:49 - 123
2022-03-30 17:07:03 INFO  LunchBreak:21 - Entered user id : 123
2022-03-30 17:07:06 INFO  LunchBreak:25 - Entered user name : hari
2022-03-30 17:07:08 INFO  LunchBreak:29 - Entered user password : 123
2022-03-30 17:07:08 INFO  LunchBreak:47 - 123
2022-03-30 17:07:08 INFO  LunchBreak:48 - hari
2022-03-30 17:07:08 INFO  LunchBreak:49 - 123
2022-03-30 17:07:12 ERROR LunchBreak:60 - No such user
2022-03-30 17:42:44 INFO  LoginApp:21 - Entered user id : 12
2022-03-30 17:42:46 INFO  LoginApp:25 - Entered user name : hari
2022-03-30 17:42:51 INFO  LoginApp:29 - Entered user password : kaka
2022-03-30 17:42:51 INFO  LoginApp:47 - 12
2022-03-30 17:42:51 INFO  LoginApp:48 - hari
2022-03-30 17:42:51 INFO  LoginApp:49 - kaka
2022-03-31 12:09:05 INFO  LoginApp:31 - Entered user id : 123
2022-03-31 12:09:09 INFO  LoginApp:35 - Entered user name : hari
2022-03-31 12:09:11 INFO  LoginApp:39 - Entered user password : 123
2022-03-31 12:09:11 INFO  LoginApp:56 - 123
2022-03-31 12:09:11 INFO  LoginApp:57 - hari
2022-03-31 12:09:11 INFO  LoginApp:58 - 123
2022-03-31 12:11:28 INFO  LoginApp:31 - Entered user id : 123
2022-03-31 12:11:31 INFO  LoginApp:35 - Entered user name : hari
2022-03-31 12:11:35 INFO  LoginApp:39 - Entered user password : 123
2022-03-31 12:14:39 INFO  LoginApp:34 - Entered user id : 123
2022-03-31 12:14:41 INFO  LoginApp:38 - Entered user name : ghvujh
2022-03-31 12:14:44 INFO  LoginApp:42 - Entered user password : 123
2022-03-31 12:19:55 INFO  LoginApp:33 - Entered user id : 123
2022-03-31 12:19:57 INFO  LoginApp:37 - Entered user name : hari
2022-03-31 12:19:59 INFO  LoginApp:41 - Entered user password : 123
2022-03-31 12:21:19 INFO  LoginApp:33 - Entered user id : 123
2022-03-31 12:21:20 INFO  LoginApp:37 - Entered user name : ikj
2022-03-31 12:21:22 INFO  LoginApp:41 - Entered user password : 123
2022-03-31 12:23:27 INFO  LoginApp:33 - Entered user id : 123
2022-03-31 12:23:28 INFO  LoginApp:37 - Entered user name : uio
2022-03-31 12:23:29 INFO  LoginApp:41 - Entered user password : 123
2022-03-31 12:23:59 INFO  LoginApp:33 - Entered user id : 123
2022-03-31 12:24:01 INFO  LoginApp:37 - Entered user name : uyyh
2022-03-31 12:24:02 INFO  LoginApp:41 - Entered user password : 123
2022-03-31 12:24:10 INFO  LoginApp:59 - 123
2022-03-31 12:24:10 INFO  LoginApp:60 - uyyh
2022-03-31 12:24:10 INFO  LoginApp:61 - 123
2022-03-31 12:38:28 INFO  LoginApp:34 - Entered user id : 123
2022-03-31 12:38:30 INFO  LoginApp:38 - Entered user name : ihiki
2022-03-31 12:38:32 INFO  LoginApp:42 - Entered user password : 123
2022-03-31 14:29:09 INFO  LoginApp:34 - Entered user id : 123
2022-03-31 14:29:12 INFO  LoginApp:38 - Entered user name : hari
2022-03-31 14:29:16 INFO  LoginApp:42 - Entered user password : 123
2022-03-31 14:30:06 INFO  LoginApp:34 - Entered user id : 124
2022-03-31 14:30:09 INFO  LoginApp:38 - Entered user name : venky
2022-03-31 14:30:12 INFO  LoginApp:42 - Entered user password : 124
2022-03-31 14:30:30 INFO  LoginApp:34 - Entered user id : 125
2022-03-31 14:30:33 INFO  LoginApp:38 - Entered user name : giri
2022-03-31 14:30:36 INFO  LoginApp:42 - Entered user password : 125
2022-03-31 14:30:39 INFO  LoginApp:60 - 123
2022-03-31 14:30:39 INFO  LoginApp:61 - hari
2022-03-31 14:30:39 INFO  LoginApp:62 - 123
2022-03-31 14:30:39 INFO  LoginApp:60 - 124
2022-03-31 14:30:39 INFO  LoginApp:61 - venky
2022-03-31 14:30:39 INFO  LoginApp:62 - 124
2022-03-31 14:30:39 INFO  LoginApp:60 - 125
2022-03-31 14:30:39 INFO  LoginApp:61 - giri
2022-03-31 14:30:39 INFO  LoginApp:62 - 125
2022-03-31 14:31:36 INFO  LoginApp:87 - Entered user name : balu
2022-03-31 14:31:41 INFO  LoginApp:90 - Entered user password : 123
2022-03-31 14:31:57 INFO  LoginApp:60 - 123
2022-03-31 14:31:57 INFO  LoginApp:61 - balu
2022-03-31 14:31:57 INFO  LoginApp:62 - 123
2022-03-31 14:31:57 INFO  LoginApp:60 - 124
2022-03-31 14:31:57 INFO  LoginApp:61 - venky
2022-03-31 14:31:57 INFO  LoginApp:62 - 124
2022-03-31 14:31:57 INFO  LoginApp:60 - 125
2022-03-31 14:31:57 INFO  LoginApp:61 - giri
2022-03-31 14:31:57 INFO  LoginApp:62 - 125
2022-03-31 14:42:02 INFO  LoginApp:34 - Entered user id : 123
2022-03-31 14:42:05 INFO  LoginApp:38 - Entered user name : hari
2022-03-31 14:42:07 INFO  LoginApp:42 - Entered user password : 123
2022-03-31 14:42:18 INFO  LoginApp:34 - Entered user id : 124
2022-03-31 14:42:21 INFO  LoginApp:38 - Entered user name : venky
2022-03-31 14:42:24 INFO  LoginApp:42 - Entered user password : 124
2022-03-31 14:42:31 INFO  LoginApp:34 - Entered user id : 125
2022-03-31 14:42:36 INFO  LoginApp:38 - Entered user name : giri
2022-03-31 14:42:38 INFO  LoginApp:42 - Entered user password : 125
2022-03-31 14:42:45 INFO  LoginApp:60 - 123
2022-03-31 14:42:45 INFO  LoginApp:61 - hari
2022-03-31 14:42:45 INFO  LoginApp:62 - 123
2022-03-31 14:42:45 INFO  LoginApp:60 - 124
2022-03-31 14:42:45 INFO  LoginApp:61 - venky
2022-03-31 14:42:45 INFO  LoginApp:62 - 124
2022-03-31 14:42:45 INFO  LoginApp:60 - 125
2022-03-31 14:42:45 INFO  LoginApp:61 - giri
2022-03-31 14:42:45 INFO  LoginApp:62 - 125
2022-03-31 14:43:32 INFO  LoginApp:87 - Entered user name : balu
2022-03-31 14:43:39 INFO  LoginApp:90 - Entered user password : 123
2022-03-31 14:43:46 INFO  LoginApp:60 - 123
2022-03-31 14:43:46 INFO  LoginApp:61 - balu
2022-03-31 14:43:46 INFO  LoginApp:62 - 123
2022-03-31 14:43:46 INFO  LoginApp:60 - 124
2022-03-31 14:43:46 INFO  LoginApp:61 - venky
2022-03-31 14:43:46 INFO  LoginApp:62 - 124
2022-03-31 14:43:46 INFO  LoginApp:60 - 125
2022-03-31 14:43:46 INFO  LoginApp:61 - giri
2022-03-31 14:43:46 INFO  LoginApp:62 - 125
2022-03-31 14:44:09 INFO  LoginApp:60 - 124
2022-03-31 14:44:09 INFO  LoginApp:61 - venky
2022-03-31 14:44:09 INFO  LoginApp:62 - 124
2022-03-31 14:44:09 INFO  LoginApp:60 - 125
2022-03-31 14:44:09 INFO  LoginApp:61 - giri
2022-03-31 14:44:09 INFO  LoginApp:62 - 125
2022-03-31 15:22:42 INFO  LoginApp:34 - Entered user id : 123
2022-03-31 15:22:45 INFO  LoginApp:38 - Entered user name : kjhbiojk
2022-03-31 15:22:47 INFO  LoginApp:42 - Entered user password : 123
2022-03-31 15:49:02 INFO  LoginApp:34 - Entered user id : 123
2022-03-31 15:49:05 INFO  LoginApp:38 - Entered user name : hari
2022-03-31 15:49:07 INFO  LoginApp:42 - Entered user password : 12123
2022-03-31 17:42:35 INFO  LoginApp:34 - Entered user id : 123
2022-03-31 17:42:39 INFO  LoginApp:38 - Entered user name : hari
2022-03-31 17:42:41 INFO  LoginApp:42 - Entered user password : 123
2022-04-01 15:09:34 INFO  EmployeeMain:10 - Hi Hari
2022-04-01 16:11:07 INFO  EmployeeMain:28 - Entered Employee Id is : 12
2022-04-01 16:11:11 INFO  EmployeeMain:32 - Entered Employee Name is : hari
2022-04-01 16:11:19 INFO  EmployeeMain:36 - Entered Employee Name Department is : mech
2022-04-01 16:11:25 INFO  EmployeeMain:28 - Entered Employee Id is : 23
2022-04-01 16:15:31 INFO  EmployeeMain:30 - Entered Employee Id is : 12
2022-04-01 16:15:33 INFO  EmployeeMain:34 - Entered Employee Name is : sa
2022-04-01 16:15:38 INFO  EmployeeMain:38 - Entered Employee Name Department is : mech
2022-04-01 16:15:41 INFO  EmployeeMain:30 - Entered Employee Id is : 23
2022-04-01 16:15:43 INFO  EmployeeMain:34 - Entered Employee Name is : hari
2022-04-01 16:15:46 INFO  EmployeeMain:38 - Entered Employee Name Department is : mech
